Using pre-set license
Built from '2021.3/release' branch; Version is '2021.3.27f1 (ca3ffb99bcc6) revision 13254651'; Using compiler version '192829333'; Build Type 'Release'
OS: 'Windows 10  (10.0.19045) 64bit Professional' Language: 'ru' Physical Memory: 16327 MB
BatchMode: 1, IsHumanControllingUs: 0, StartBugReporterOnCrash: 0, Is64bit: 1, IsPro: 1

COMMAND LINE ARGUMENTS:
D:\3D Program\Unity\Editor\2021.3.27f1\Editor\Unity.exe
-adb2
-batchMode
-noUpm
-name
AssetImportWorker1
-projectPath
D:/3D Staff/Test_Task/AzurGame/Unity_Project/Azur_TestTask
-logFile
Logs/AssetImportWorker1.log
-srvPort
56110
Successfully changed project path to: D:/3D Staff/Test_Task/AzurGame/Unity_Project/Azur_TestTask
D:/3D Staff/Test_Task/AzurGame/Unity_Project/Azur_TestTask
[UnityMemory] Configuration Parameters - Can be set up in boot.config
    "memorysetup-bucket-allocator-granularity=16"
    "memorysetup-bucket-allocator-bucket-count=8"
    "memorysetup-bucket-allocator-block-size=33554432"
    "memorysetup-bucket-allocator-block-count=8"
    "memorysetup-main-allocator-block-size=16777216"
    "memorysetup-thread-allocator-block-size=16777216"
    "memorysetup-gfx-main-allocator-block-size=16777216"
    "memorysetup-gfx-thread-allocator-block-size=16777216"
    "memorysetup-cache-allocator-block-size=4194304"
    "memorysetup-typetree-allocator-block-size=2097152"
    "memorysetup-profiler-bucket-allocator-granularity=16"
    "memorysetup-profiler-bucket-allocator-bucket-count=8"
    "memorysetup-profiler-bucket-allocator-block-size=33554432"
    "memorysetup-profiler-bucket-allocator-block-count=8"
    "memorysetup-profiler-allocator-block-size=16777216"
    "memorysetup-profiler-editor-allocator-block-size=1048576"
    "memorysetup-temp-allocator-size-main=16777216"
    "memorysetup-job-temp-allocator-block-size=2097152"
    "memorysetup-job-temp-allocator-block-size-background=1048576"
    "memorysetup-job-temp-allocator-reduction-small-platforms=262144"
    "memorysetup-temp-allocator-size-background-worker=32768"
    "memorysetup-temp-allocator-size-job-worker=262144"
    "memorysetup-temp-allocator-size-preload-manager=33554432"
    "memorysetup-temp-allocator-size-nav-mesh-worker=65536"
    "memorysetup-temp-allocator-size-audio-worker=65536"
    "memorysetup-temp-allocator-size-cloud-worker=32768"
    "memorysetup-temp-allocator-size-gi-baking-worker=262144"
    "memorysetup-temp-allocator-size-gfx=262144"
Player connection [56300] Host "[IP] 192.168.10.102 [Port] 0 [Flags] 2 [Guid] 3670806811 [EditorId] 3670806811 [Version] 1048832 [Id] WindowsEditor(7,DESKTOP-0R76SS3) [Debug] 1 [PackageName] WindowsEditor [ProjectName] Editor" joined multi-casting on [225.0.0.222:54997]...

Player connection [56300] Host "[IP] 192.168.10.102 [Port] 0 [Flags] 2 [Guid] 3670806811 [EditorId] 3670806811 [Version] 1048832 [Id] WindowsEditor(7,DESKTOP-0R76SS3) [Debug] 1 [PackageName] WindowsEditor [ProjectName] Editor" joined alternative multi-casting on [225.0.0.222:34997]...

Refreshing native plugins compatible for Editor in 122.59 ms, found 3 plugins.
Preloading 0 native plugins for Editor in 0.00 ms.
Initialize engine version: 2021.3.27f1 (ca3ffb99bcc6)
[Subsystems] Discovering subsystems at path D:/3D Program/Unity/Editor/2021.3.27f1/Editor/Data/Resources/UnitySubsystems
[Subsystems] Discovering subsystems at path D:/3D Staff/Test_Task/AzurGame/Unity_Project/Azur_TestTask/Assets
GfxDevice: creating device client; threaded=0; jobified=0
Direct3D:
    Version:  Direct3D 11.0 [level 11.1]
    Renderer: NVIDIA GeForce GTX 1060 6GB (ID=0x1c03)
    Vendor:   NVIDIA
    VRAM:     6043 MB
    Driver:   31.0.15.3699
Initialize mono
Mono path[0] = 'D:/3D Program/Unity/Editor/2021.3.27f1/Editor/Data/Managed'
Mono path[1] = 'D:/3D Program/Unity/Editor/2021.3.27f1/Editor/Data/MonoBleedingEdge/lib/mono/unityjit-win32'
Mono config path = 'D:/3D Program/Unity/Editor/2021.3.27f1/Editor/Data/MonoBleedingEdge/etc'
Using monoOptions --debugger-agent=transport=dt_socket,embedding=1,server=y,suspend=n,address=127.0.0.1:56104
Begin MonoManager ReloadAssembly
Registering precompiled unity dll's ...
Register platform support module: D:/3D Program/Unity/Editor/2021.3.27f1/Editor/Data/PlaybackEngines/AndroidPlayer/UnityEditor.Android.Extensions.dll
Register platform support module: D:/3D Program/Unity/Editor/2021.3.27f1/Editor/Data/PlaybackEngines/WindowsStandaloneSupport/UnityEditor.WindowsStandalone.Extensions.dll
Registered in 0.005167 seconds.
Native extension for WindowsStandalone target not found
Native extension for Android target not found
Android Extension - Scanning For ADB Devices 430 ms
Refreshing native plugins compatible for Editor in 120.19 ms, found 3 plugins.
Preloading 0 native plugins for Editor in 0.00 ms.
Mono: successfully reloaded assembly
- Completed reload, in  1.387 seconds
Domain Reload Profiling:
	ReloadAssembly (1388ms)
		BeginReloadAssembly (114ms)
			ExecutionOrderSort (0ms)
			DisableScriptedObjects (0ms)
			BackupInstance (0ms)
			ReleaseScriptingObjects (0ms)
			CreateAndSetChildDomain (1ms)
		EndReloadAssembly (1135ms)
			LoadAssemblies (112ms)
			RebuildTransferFunctionScriptingTraits (0ms)
			SetupTypeCache (160ms)
			ReleaseScriptCaches (0ms)
			RebuildScriptCaches (41ms)
			SetupLoadedEditorAssemblies (867ms)
				LogAssemblyErrors (0ms)
				InitializePlatformSupportModulesInManaged (554ms)
				SetLoadedEditorAssemblies (0ms)
				RefreshPlugins (120ms)
				BeforeProcessingInitializeOnLoad (2ms)
				ProcessInitializeOnLoadAttributes (120ms)
				ProcessInitializeOnLoadMethodAttributes (71ms)
				AfterProcessingInitializeOnLoad (0ms)
				EditorAssembliesLoaded (0ms)
			ExecutionOrderSort2 (0ms)
			AwakeInstancesAfterBackupRestoration (0ms)
Platform modules already initialized, skipping
Registering precompiled user dll's ...
Registered in 0.005606 seconds.
Begin MonoManager ReloadAssembly
Symbol file LoadedFromMemory doesn't match image D:\3D Staff\Test_Task\AzurGame\Unity_Project\Azur_TestTask\Library\PackageCache\com.unity.visualscripting@1.8.0\Editor\VisualScripting.Core\Dependencies\YamlDotNet\Unity.VisualScripting.YamlDotNet.dll
Symbol file LoadedFromMemory doesn't match image D:\3D Staff\Test_Task\AzurGame\Unity_Project\Azur_TestTask\Library\PackageCache\com.unity.visualscripting@1.8.0\Editor\VisualScripting.Core\Dependencies\DotNetZip\Unity.VisualScripting.IonicZip.dll
Native extension for WindowsStandalone target not found
Native extension for Android target not found
Refreshing native plugins compatible for Editor in 0.84 ms, found 3 plugins.
Preloading 0 native plugins for Editor in 0.00 ms.
Mono: successfully reloaded assembly
- Completed reload, in  1.871 seconds
Domain Reload Profiling:
	ReloadAssembly (1872ms)
		BeginReloadAssembly (166ms)
			ExecutionOrderSort (0ms)
			DisableScriptedObjects (9ms)
			BackupInstance (0ms)
			ReleaseScriptingObjects (0ms)
			CreateAndSetChildDomain (27ms)
		EndReloadAssembly (1552ms)
			LoadAssemblies (374ms)
			RebuildTransferFunctionScriptingTraits (0ms)
			SetupTypeCache (447ms)
			ReleaseScriptCaches (1ms)
			RebuildScriptCaches (103ms)
			SetupLoadedEditorAssemblies (553ms)
				LogAssemblyErrors (0ms)
				InitializePlatformSupportModulesInManaged (33ms)
				SetLoadedEditorAssemblies (1ms)
				RefreshPlugins (1ms)
				BeforeProcessingInitializeOnLoad (146ms)
				ProcessInitializeOnLoadAttributes (338ms)
				ProcessInitializeOnLoadMethodAttributes (30ms)
				AfterProcessingInitializeOnLoad (5ms)
				EditorAssembliesLoaded (0ms)
			ExecutionOrderSort2 (0ms)
			AwakeInstancesAfterBackupRestoration (12ms)
Platform modules already initialized, skipping
========================================================================
Worker process is ready to serve import requests
Launched and connected shader compiler UnityShaderCompiler.exe after 0.09 seconds
Refreshing native plugins compatible for Editor in 1.39 ms, found 3 plugins.
Preloading 0 native plugins for Editor in 0.00 ms.
Unloading 3432 Unused Serialized files (Serialized files now loaded: 0)
Unloading 23 unused Assets / (110.1 KB). Loaded Objects now: 3908.
Memory consumption went from 133.5 MB to 133.3 MB.
Total: 6.540000 ms (FindLiveObjects: 0.752900 ms CreateObjectMapping: 0.261200 ms MarkObjects: 5.230200 ms  DeleteObjects: 0.294200 ms)

AssetImportParameters requested are different than current active one (requested -> active):
  custom:video-decoder-ogg-theora: a1e56fd34408186e4bbccfd4996cb3dc -> 
  custom:container-muxer-webm: aa71ff27fc2769a1b78a27578f13a17b -> 
  custom:container-demuxer-webm: 4f35f7cbe854078d1ac9338744f61a02 -> 
  custom:video-encoder-webm-vp8: eb34c28f22e8b96e1ab97ce403110664 -> 
  custom:audio-encoder-webm-vorbis: bf7c407c2cedff20999df2af8eb42d56 -> 
  custom:framework-win-MediaFoundation: 216162199b28c13a410421893ffa2e32 -> 
  custom:container-demuxer-ogg: 62fdf1f143b41e24485cea50d1cbac27 -> 
  custom:video-decoder-webm-vp8: 9c59270c3fd7afecdb556c50c9e8de78 -> 
  custom:audio-decoder-ogg-vorbis: bf7c407c2cedff20999df2af8eb42d56 -> 
========================================================================
Received Import Request.
  Time since last request: 438411.773222 seconds.
  path: Assets/Char/New Prefab.prefab
  artifactKey: Guid(c8a9e709713c6aa4ca7db92baa0e5fb6) Importer(815301076,1909f56bfc062723c751e8b465ee728b)
Start importing Assets/Char/New Prefab.prefab using Guid(c8a9e709713c6aa4ca7db92baa0e5fb6) Importer(815301076,1909f56bfc062723c751e8b465ee728b)  -> (artifact id: 'b20a07eaf6789f2d5fbce837abe36631') in 0.185872 seconds 
========================================================================
Received Prepare
Registering precompiled user dll's ...
Registered in 0.004285 seconds.
Begin MonoManager ReloadAssembly
Symbol file LoadedFromMemory doesn't match image D:\3D Staff\Test_Task\AzurGame\Unity_Project\Azur_TestTask\Library\PackageCache\com.unity.visualscripting@1.8.0\Editor\VisualScripting.Core\Dependencies\YamlDotNet\Unity.VisualScripting.YamlDotNet.dll
Symbol file LoadedFromMemory doesn't match image D:\3D Staff\Test_Task\AzurGame\Unity_Project\Azur_TestTask\Library\PackageCache\com.unity.visualscripting@1.8.0\Editor\VisualScripting.Core\Dependencies\DotNetZip\Unity.VisualScripting.IonicZip.dll
Native extension for WindowsStandalone target not found
Native extension for Android target not found
Refreshing native plugins compatible for Editor in 0.88 ms, found 3 plugins.
Preloading 0 native plugins for Editor in 0.00 ms.
Mono: successfully reloaded assembly
- Completed reload, in  1.410 seconds
Domain Reload Profiling:
	ReloadAssembly (1410ms)
		BeginReloadAssembly (191ms)
			ExecutionOrderSort (0ms)
			DisableScriptedObjects (11ms)
			BackupInstance (0ms)
			ReleaseScriptingObjects (0ms)
			CreateAndSetChildDomain (44ms)
		EndReloadAssembly (1084ms)
			LoadAssemblies (125ms)
			RebuildTransferFunctionScriptingTraits (0ms)
			SetupTypeCache (406ms)
			ReleaseScriptCaches (1ms)
			RebuildScriptCaches (65ms)
			SetupLoadedEditorAssemblies (432ms)
				LogAssemblyErrors (0ms)
				InitializePlatformSupportModulesInManaged (36ms)
				SetLoadedEditorAssemblies (1ms)
				RefreshPlugins (1ms)
				BeforeProcessingInitializeOnLoad (89ms)
				ProcessInitializeOnLoadAttributes (274ms)
				ProcessInitializeOnLoadMethodAttributes (26ms)
				AfterProcessingInitializeOnLoad (5ms)
				EditorAssembliesLoaded (0ms)
			ExecutionOrderSort2 (0ms)
			AwakeInstancesAfterBackupRestoration (14ms)
Platform modules already initialized, skipping
Refreshing native plugins compatible for Editor in 3.64 ms, found 3 plugins.
Preloading 0 native plugins for Editor in 0.00 ms.
Unloading 3400 Unused Serialized files (Serialized files now loaded: 0)
Unloading 16 unused Assets / (61.0 KB). Loaded Objects now: 3920.
Memory consumption went from 142.7 MB to 142.7 MB.
Total: 5.801500 ms (FindLiveObjects: 0.532100 ms CreateObjectMapping: 0.255100 ms MarkObjects: 4.864500 ms  DeleteObjects: 0.148100 ms)

AssetImportParameters requested are different than current active one (requested -> active):
  custom:video-decoder-ogg-theora: a1e56fd34408186e4bbccfd4996cb3dc -> 
  custom:container-muxer-webm: aa71ff27fc2769a1b78a27578f13a17b -> 
  custom:container-demuxer-webm: 4f35f7cbe854078d1ac9338744f61a02 -> 
  custom:video-encoder-webm-vp8: eb34c28f22e8b96e1ab97ce403110664 -> 
  custom:audio-encoder-webm-vorbis: bf7c407c2cedff20999df2af8eb42d56 -> 
  custom:framework-win-MediaFoundation: 216162199b28c13a410421893ffa2e32 -> 
  custom:container-demuxer-ogg: 62fdf1f143b41e24485cea50d1cbac27 -> 
  custom:video-decoder-webm-vp8: 9c59270c3fd7afecdb556c50c9e8de78 -> 
  custom:audio-decoder-ogg-vorbis: bf7c407c2cedff20999df2af8eb42d56 -> 
========================================================================
Received Import Request.
  Time since last request: 49.424310 seconds.
  path: Assets/PolygonSciFiCity/Models/SM_Env_TreeDead_01.fbx
  artifactKey: Guid(452230a21c3d86f4586d6620d9a92c37) Importer(815301076,1909f56bfc062723c751e8b465ee728b)
Start importing Assets/PolygonSciFiCity/Models/SM_Env_TreeDead_01.fbx using Guid(452230a21c3d86f4586d6620d9a92c37) Importer(815301076,1909f56bfc062723c751e8b465ee728b)  -> (artifact id: '971c7f342c5e7e7044404efd110f71a8') in 0.333907 seconds 
========================================================================
Received Import Request.
  Time since last request: 0.000035 seconds.
  path: Assets/PolygonSciFiCity/Models/SM_Prop_Hologram_Bottle_03.fbx
  artifactKey: Guid(ad6a0c0b0b6cda747b9b203815586cb2) Importer(815301076,1909f56bfc062723c751e8b465ee728b)
Start importing Assets/PolygonSciFiCity/Models/SM_Prop_Hologram_Bottle_03.fbx using Guid(ad6a0c0b0b6cda747b9b203815586cb2) Importer(815301076,1909f56bfc062723c751e8b465ee728b)  -> (artifact id: '49b6ba6062e30613a25d6df0a05b5152') in 0.192594 seconds 
========================================================================
Received Import Request.
  Time since last request: 0.000039 seconds.
  path: Assets/PolygonSciFiCity/Models/SM_Prop_Fence_01.fbx
  artifactKey: Guid(6064be090550b694eb8c7d898273d5ae) Importer(815301076,1909f56bfc062723c751e8b465ee728b)
Start importing Assets/PolygonSciFiCity/Models/SM_Prop_Fence_01.fbx using Guid(6064be090550b694eb8c7d898273d5ae) Importer(815301076,1909f56bfc062723c751e8b465ee728b)  -> (artifact id: '1d0bdcb8001847e36a0ff40ede0a73dd') in 0.094318 seconds 
========================================================================
Received Import Request.
  Time since last request: 0.000020 seconds.
  path: Assets/PolygonSciFiCity/Models/SM_Prop_Hologram_Burger_03.fbx
  artifactKey: Guid(cdcf8ffbf4beb1c439b5bc236de0b1b7) Importer(815301076,1909f56bfc062723c751e8b465ee728b)
Start importing Assets/PolygonSciFiCity/Models/SM_Prop_Hologram_Burger_03.fbx using Guid(cdcf8ffbf4beb1c439b5bc236de0b1b7) Importer(815301076,1909f56bfc062723c751e8b465ee728b)  -> (artifact id: '53176dd9e18d6ed763cd59200cea73f9') in 0.069344 seconds 
========================================================================
Received Import Request.
  Time since last request: 0.000023 seconds.
  path: Assets/PolygonSciFiCity/Models/SM_Prop_Barrier_Plastic_01.fbx
  artifactKey: Guid(d3d462ecfb19f52479c5246b62ec95ed) Importer(815301076,1909f56bfc062723c751e8b465ee728b)
Start importing Assets/PolygonSciFiCity/Models/SM_Prop_Barrier_Plastic_01.fbx using Guid(d3d462ecfb19f52479c5246b62ec95ed) Importer(815301076,1909f56bfc062723c751e8b465ee728b)  -> (artifact id: '2620f6605e2ae0043c7bc3f0a5705ee0') in 0.122706 seconds 
========================================================================
Received Import Request.
  Time since last request: 0.000031 seconds.
  path: Assets/PolygonSciFiCity/Models/SM_Prop_Barrier_Plastic_02.fbx
  artifactKey: Guid(ef9137cfabbb7c24a9065ba826c40c51) Importer(815301076,1909f56bfc062723c751e8b465ee728b)
Start importing Assets/PolygonSciFiCity/Models/SM_Prop_Barrier_Plastic_02.fbx using Guid(ef9137cfabbb7c24a9065ba826c40c51) Importer(815301076,1909f56bfc062723c751e8b465ee728b)  -> (artifact id: 'f875b997ae84a551827d94cdd5c18f34') in 0.100927 seconds 
========================================================================
Received Import Request.
  Time since last request: 0.000027 seconds.
  path: Assets/PolygonSciFiCity/Models/SM_Prop_Rubbish_Bin_01.fbx
  artifactKey: Guid(64f5732453ce6eb4eb66b25e84287a77) Importer(815301076,1909f56bfc062723c751e8b465ee728b)
Start importing Assets/PolygonSciFiCity/Models/SM_Prop_Rubbish_Bin_01.fbx using Guid(64f5732453ce6eb4eb66b25e84287a77) Importer(815301076,1909f56bfc062723c751e8b465ee728b)  -> (artifact id: 'b1f6479cd6e0008c3b7402603b871ca9') in 0.100266 seconds 
========================================================================
Received Import Request.
  Time since last request: 0.000018 seconds.
  path: Assets/PolygonSciFiCity/Models/SM_Prop_Hologram_Bottle_01.fbx
  artifactKey: Guid(62523381b6f1e2c478699ba0b43d47d8) Importer(815301076,1909f56bfc062723c751e8b465ee728b)
Start importing Assets/PolygonSciFiCity/Models/SM_Prop_Hologram_Bottle_01.fbx using Guid(62523381b6f1e2c478699ba0b43d47d8) Importer(815301076,1909f56bfc062723c751e8b465ee728b)  -> (artifact id: '545eee1693890cc76b5bf46b841ce7c2') in 0.093269 seconds 
========================================================================
Received Import Request.
  Time since last request: 0.000020 seconds.
  path: Assets/PolygonSciFiCity/Models/SM_LightRayCube.fbx
  artifactKey: Guid(f5a8fb991f3e155499a180524f340497) Importer(815301076,1909f56bfc062723c751e8b465ee728b)
Start importing Assets/PolygonSciFiCity/Models/SM_LightRayCube.fbx using Guid(f5a8fb991f3e155499a180524f340497) Importer(815301076,1909f56bfc062723c751e8b465ee728b)  -> (artifact id: '923f17ded648a376e5362d936e0227a8') in 0.094899 seconds 
========================================================================
Received Import Request.
  Time since last request: 16.122706 seconds.
  path: Assets/Char/New Prefab.prefab
  artifactKey: Guid(c8a9e709713c6aa4ca7db92baa0e5fb6) Importer(815301076,1909f56bfc062723c751e8b465ee728b)
Start importing Assets/Char/New Prefab.prefab using Guid(c8a9e709713c6aa4ca7db92baa0e5fb6) Importer(815301076,1909f56bfc062723c751e8b465ee728b)  -> (artifact id: 'e2bab3b1800cf20fc6b7fe15c0c285cc') in 0.034949 seconds 
========================================================================
Received Prepare
Registering precompiled user dll's ...
Registered in 0.005028 seconds.
Begin MonoManager ReloadAssembly
Symbol file LoadedFromMemory doesn't match image D:\3D Staff\Test_Task\AzurGame\Unity_Project\Azur_TestTask\Library\PackageCache\com.unity.visualscripting@1.8.0\Editor\VisualScripting.Core\Dependencies\YamlDotNet\Unity.VisualScripting.YamlDotNet.dll
Symbol file LoadedFromMemory doesn't match image D:\3D Staff\Test_Task\AzurGame\Unity_Project\Azur_TestTask\Library\PackageCache\com.unity.visualscripting@1.8.0\Editor\VisualScripting.Core\Dependencies\DotNetZip\Unity.VisualScripting.IonicZip.dll
Native extension for WindowsStandalone target not found
Native extension for Android target not found
Refreshing native plugins compatible for Editor in 0.81 ms, found 3 plugins.
Preloading 0 native plugins for Editor in 0.00 ms.
Mono: successfully reloaded assembly
- Completed reload, in  1.454 seconds
Domain Reload Profiling:
	ReloadAssembly (1455ms)
		BeginReloadAssembly (215ms)
			ExecutionOrderSort (0ms)
			DisableScriptedObjects (13ms)
			BackupInstance (0ms)
			ReleaseScriptingObjects (0ms)
			CreateAndSetChildDomain (56ms)
		EndReloadAssembly (1089ms)
			LoadAssemblies (134ms)
			RebuildTransferFunctionScriptingTraits (0ms)
			SetupTypeCache (411ms)
			ReleaseScriptCaches (2ms)
			RebuildScriptCaches (71ms)
			SetupLoadedEditorAssemblies (411ms)
				LogAssemblyErrors (0ms)
				InitializePlatformSupportModulesInManaged (26ms)
				SetLoadedEditorAssemblies (1ms)
				RefreshPlugins (1ms)
				BeforeProcessingInitializeOnLoad (78ms)
				ProcessInitializeOnLoadAttributes (271ms)
				ProcessInitializeOnLoadMethodAttributes (30ms)
				AfterProcessingInitializeOnLoad (4ms)
				EditorAssembliesLoaded (0ms)
			ExecutionOrderSort2 (0ms)
			AwakeInstancesAfterBackupRestoration (12ms)
Platform modules already initialized, skipping
Refreshing native plugins compatible for Editor in 4.28 ms, found 3 plugins.
Preloading 0 native plugins for Editor in 0.00 ms.
Unloading 3400 Unused Serialized files (Serialized files now loaded: 0)
Unloading 16 unused Assets / (61.0 KB). Loaded Objects now: 3926.
Memory consumption went from 143.0 MB to 142.9 MB.
Total: 6.315400 ms (FindLiveObjects: 0.686400 ms CreateObjectMapping: 0.215200 ms MarkObjects: 5.276200 ms  DeleteObjects: 0.135500 ms)

AssetImportParameters requested are different than current active one (requested -> active):
  custom:video-decoder-ogg-theora: a1e56fd34408186e4bbccfd4996cb3dc -> 
  custom:container-muxer-webm: aa71ff27fc2769a1b78a27578f13a17b -> 
  custom:container-demuxer-webm: 4f35f7cbe854078d1ac9338744f61a02 -> 
  custom:video-encoder-webm-vp8: eb34c28f22e8b96e1ab97ce403110664 -> 
  custom:audio-encoder-webm-vorbis: bf7c407c2cedff20999df2af8eb42d56 -> 
  custom:framework-win-MediaFoundation: 216162199b28c13a410421893ffa2e32 -> 
  custom:container-demuxer-ogg: 62fdf1f143b41e24485cea50d1cbac27 -> 
  custom:video-decoder-webm-vp8: 9c59270c3fd7afecdb556c50c9e8de78 -> 
  custom:audio-decoder-ogg-vorbis: bf7c407c2cedff20999df2af8eb42d56 -> 
========================================================================
Received Import Request.
  Time since last request: 67.995936 seconds.
  path: Assets/Char/New Prefab.prefab
  artifactKey: Guid(c8a9e709713c6aa4ca7db92baa0e5fb6) Importer(815301076,1909f56bfc062723c751e8b465ee728b)
Start importing Assets/Char/New Prefab.prefab using Guid(c8a9e709713c6aa4ca7db92baa0e5fb6) Importer(815301076,1909f56bfc062723c751e8b465ee728b)  -> (artifact id: 'e2bab3b1800cf20fc6b7fe15c0c285cc') in 0.107029 seconds 
========================================================================
Received Import Request.
  Time since last request: 11.540497 seconds.
  path: Assets/Char/ACRTL_Char.controller
  artifactKey: Guid(bca26ef8cd5b34f499dd6d747baa2da1) Importer(815301076,1909f56bfc062723c751e8b465ee728b)
Start importing Assets/Char/ACRTL_Char.controller using Guid(bca26ef8cd5b34f499dd6d747baa2da1) Importer(815301076,1909f56bfc062723c751e8b465ee728b)  -> (artifact id: 'f26a727045f5868dd8e31b327546dce8') in 0.081517 seconds 
========================================================================
Received Import Request.
  Time since last request: 20.841966 seconds.
  path: Assets/Char/TA_Char.png
  artifactKey: Guid(c27c5548e6f610146aa93b586f5cb180) Importer(815301076,1909f56bfc062723c751e8b465ee728b)
Start importing Assets/Char/TA_Char.png using Guid(c27c5548e6f610146aa93b586f5cb180) Importer(815301076,1909f56bfc062723c751e8b465ee728b)  -> (artifact id: 'e7225851dc4c966935609ab537feabaa') in 0.084019 seconds 
========================================================================
Received Import Request.
  Time since last request: 39.920266 seconds.
  path: Assets/Char/PRFB_Char.prefab
  artifactKey: Guid(c8a9e709713c6aa4ca7db92baa0e5fb6) Importer(815301076,1909f56bfc062723c751e8b465ee728b)
Start importing Assets/Char/PRFB_Char.prefab using Guid(c8a9e709713c6aa4ca7db92baa0e5fb6) Importer(815301076,1909f56bfc062723c751e8b465ee728b)  -> (artifact id: 'd0cc73864036f6d8953f204b51aeeed3') in 0.025690 seconds 
========================================================================
Received Import Request.
  Time since last request: 12.065138 seconds.
  path: Assets/TestScene/Textures/stone_floor_1.png
  artifactKey: Guid(990694c47c8f5874ebd767b450919b9d) Importer(815301076,1909f56bfc062723c751e8b465ee728b)
Start importing Assets/TestScene/Textures/stone_floor_1.png using Guid(990694c47c8f5874ebd767b450919b9d) Importer(815301076,1909f56bfc062723c751e8b465ee728b)  -> (artifact id: '1334ed17c491794242cb7a51a469d3e3') in 0.119886 seconds 
