Using pre-set license
Built from '2021.3/release' branch; Version is '2021.3.27f1 (ca3ffb99bcc6) revision 13254651'; Using compiler version '192829333'; Build Type 'Release'
OS: 'Windows 10  (10.0.19045) 64bit Professional' Language: 'ru' Physical Memory: 16327 MB
BatchMode: 1, IsHumanControllingUs: 0, StartBugReporterOnCrash: 0, Is64bit: 1, IsPro: 1

COMMAND LINE ARGUMENTS:
D:\3D Program\Unity\Editor\2021.3.27f1\Editor\Unity.exe
-adb2
-batchMode
-noUpm
-name
AssetImportWorker1
-projectPath
D:/3D Staff/Test_Task/AzurGame/Unity_Project/Azur_TestTask
-logFile
Logs/AssetImportWorker1.log
-srvPort
51514
Successfully changed project path to: D:/3D Staff/Test_Task/AzurGame/Unity_Project/Azur_TestTask
D:/3D Staff/Test_Task/AzurGame/Unity_Project/Azur_TestTask
[UnityMemory] Configuration Parameters - Can be set up in boot.config
    "memorysetup-bucket-allocator-granularity=16"
    "memorysetup-bucket-allocator-bucket-count=8"
    "memorysetup-bucket-allocator-block-size=33554432"
    "memorysetup-bucket-allocator-block-count=8"
    "memorysetup-main-allocator-block-size=16777216"
    "memorysetup-thread-allocator-block-size=16777216"
    "memorysetup-gfx-main-allocator-block-size=16777216"
    "memorysetup-gfx-thread-allocator-block-size=16777216"
    "memorysetup-cache-allocator-block-size=4194304"
    "memorysetup-typetree-allocator-block-size=2097152"
    "memorysetup-profiler-bucket-allocator-granularity=16"
    "memorysetup-profiler-bucket-allocator-bucket-count=8"
    "memorysetup-profiler-bucket-allocator-block-size=33554432"
    "memorysetup-profiler-bucket-allocator-block-count=8"
    "memorysetup-profiler-allocator-block-size=16777216"
    "memorysetup-profiler-editor-allocator-block-size=1048576"
    "memorysetup-temp-allocator-size-main=16777216"
    "memorysetup-job-temp-allocator-block-size=2097152"
    "memorysetup-job-temp-allocator-block-size-background=1048576"
    "memorysetup-job-temp-allocator-reduction-small-platforms=262144"
    "memorysetup-temp-allocator-size-background-worker=32768"
    "memorysetup-temp-allocator-size-job-worker=262144"
    "memorysetup-temp-allocator-size-preload-manager=33554432"
    "memorysetup-temp-allocator-size-nav-mesh-worker=65536"
    "memorysetup-temp-allocator-size-audio-worker=65536"
    "memorysetup-temp-allocator-size-cloud-worker=32768"
    "memorysetup-temp-allocator-size-gi-baking-worker=262144"
    "memorysetup-temp-allocator-size-gfx=262144"
Player connection [24144] Host "[IP] 192.168.10.103 [Port] 0 [Flags] 2 [Guid] 380235160 [EditorId] 380235160 [Version] 1048832 [Id] WindowsEditor(7,DESKTOP-0R76SS3) [Debug] 1 [PackageName] WindowsEditor [ProjectName] Editor" joined multi-casting on [225.0.0.222:54997]...

Player connection [24144] Host "[IP] 192.168.10.103 [Port] 0 [Flags] 2 [Guid] 380235160 [EditorId] 380235160 [Version] 1048832 [Id] WindowsEditor(7,DESKTOP-0R76SS3) [Debug] 1 [PackageName] WindowsEditor [ProjectName] Editor" joined alternative multi-casting on [225.0.0.222:34997]...

Refreshing native plugins compatible for Editor in 160.39 ms, found 3 plugins.
Preloading 0 native plugins for Editor in 0.00 ms.
Initialize engine version: 2021.3.27f1 (ca3ffb99bcc6)
[Subsystems] Discovering subsystems at path D:/3D Program/Unity/Editor/2021.3.27f1/Editor/Data/Resources/UnitySubsystems
[Subsystems] Discovering subsystems at path D:/3D Staff/Test_Task/AzurGame/Unity_Project/Azur_TestTask/Assets
GfxDevice: creating device client; threaded=0; jobified=0
Direct3D:
    Version:  Direct3D 11.0 [level 11.1]
    Renderer: NVIDIA GeForce GTX 1060 6GB (ID=0x1c03)
    Vendor:   NVIDIA
    VRAM:     6043 MB
    Driver:   31.0.15.3699
Initialize mono
Mono path[0] = 'D:/3D Program/Unity/Editor/2021.3.27f1/Editor/Data/Managed'
Mono path[1] = 'D:/3D Program/Unity/Editor/2021.3.27f1/Editor/Data/MonoBleedingEdge/lib/mono/unityjit-win32'
Mono config path = 'D:/3D Program/Unity/Editor/2021.3.27f1/Editor/Data/MonoBleedingEdge/etc'
Using monoOptions --debugger-agent=transport=dt_socket,embedding=1,server=y,suspend=n,address=127.0.0.1:56612
Begin MonoManager ReloadAssembly
Registering precompiled unity dll's ...
Register platform support module: D:/3D Program/Unity/Editor/2021.3.27f1/Editor/Data/PlaybackEngines/AndroidPlayer/UnityEditor.Android.Extensions.dll
Register platform support module: D:/3D Program/Unity/Editor/2021.3.27f1/Editor/Data/PlaybackEngines/WindowsStandaloneSupport/UnityEditor.WindowsStandalone.Extensions.dll
Registered in 0.005501 seconds.
Native extension for WindowsStandalone target not found
Native extension for Android target not found
Android Extension - Scanning For ADB Devices 443 ms
Refreshing native plugins compatible for Editor in 112.91 ms, found 3 plugins.
Preloading 0 native plugins for Editor in 0.00 ms.
Mono: successfully reloaded assembly
- Completed reload, in  1.517 seconds
Domain Reload Profiling:
	ReloadAssembly (1518ms)
		BeginReloadAssembly (134ms)
			ExecutionOrderSort (0ms)
			DisableScriptedObjects (0ms)
			BackupInstance (0ms)
			ReleaseScriptingObjects (0ms)
			CreateAndSetChildDomain (1ms)
		EndReloadAssembly (1230ms)
			LoadAssemblies (133ms)
			RebuildTransferFunctionScriptingTraits (0ms)
			SetupTypeCache (181ms)
			ReleaseScriptCaches (0ms)
			RebuildScriptCaches (47ms)
			SetupLoadedEditorAssemblies (923ms)
				LogAssemblyErrors (0ms)
				InitializePlatformSupportModulesInManaged (579ms)
				SetLoadedEditorAssemblies (0ms)
				RefreshPlugins (113ms)
				BeforeProcessingInitializeOnLoad (2ms)
				ProcessInitializeOnLoadAttributes (151ms)
				ProcessInitializeOnLoadMethodAttributes (78ms)
				AfterProcessingInitializeOnLoad (0ms)
				EditorAssembliesLoaded (0ms)
			ExecutionOrderSort2 (0ms)
			AwakeInstancesAfterBackupRestoration (0ms)
Platform modules already initialized, skipping
Registering precompiled user dll's ...
Registered in 0.006301 seconds.
Begin MonoManager ReloadAssembly
Symbol file LoadedFromMemory doesn't match image D:\3D Staff\Test_Task\AzurGame\Unity_Project\Azur_TestTask\Library\PackageCache\com.unity.visualscripting@1.8.0\Editor\VisualScripting.Core\Dependencies\YamlDotNet\Unity.VisualScripting.YamlDotNet.dll
Symbol file LoadedFromMemory doesn't match image D:\3D Staff\Test_Task\AzurGame\Unity_Project\Azur_TestTask\Library\PackageCache\com.unity.visualscripting@1.8.0\Editor\VisualScripting.Core\Dependencies\DotNetZip\Unity.VisualScripting.IonicZip.dll
Native extension for WindowsStandalone target not found
Native extension for Android target not found
Refreshing native plugins compatible for Editor in 0.69 ms, found 3 plugins.
Preloading 0 native plugins for Editor in 0.00 ms.
Mono: successfully reloaded assembly
- Completed reload, in  1.723 seconds
Domain Reload Profiling:
	ReloadAssembly (1724ms)
		BeginReloadAssembly (180ms)
			ExecutionOrderSort (0ms)
			DisableScriptedObjects (9ms)
			BackupInstance (0ms)
			ReleaseScriptingObjects (0ms)
			CreateAndSetChildDomain (28ms)
		EndReloadAssembly (1370ms)
			LoadAssemblies (166ms)
			RebuildTransferFunctionScriptingTraits (0ms)
			SetupTypeCache (531ms)
			ReleaseScriptCaches (1ms)
			RebuildScriptCaches (122ms)
			SetupLoadedEditorAssemblies (495ms)
				LogAssemblyErrors (0ms)
				InitializePlatformSupportModulesInManaged (27ms)
				SetLoadedEditorAssemblies (1ms)
				RefreshPlugins (1ms)
				BeforeProcessingInitializeOnLoad (106ms)
				ProcessInitializeOnLoadAttributes (318ms)
				ProcessInitializeOnLoadMethodAttributes (36ms)
				AfterProcessingInitializeOnLoad (5ms)
				EditorAssembliesLoaded (0ms)
			ExecutionOrderSort2 (0ms)
			AwakeInstancesAfterBackupRestoration (14ms)
Platform modules already initialized, skipping
========================================================================
Worker process is ready to serve import requests
Launched and connected shader compiler UnityShaderCompiler.exe after 0.09 seconds
Refreshing native plugins compatible for Editor in 1.34 ms, found 3 plugins.
Preloading 0 native plugins for Editor in 0.00 ms.
Unloading 3052 Unused Serialized files (Serialized files now loaded: 0)
Unloading 22 unused Assets / (46.3 KB). Loaded Objects now: 3517.
Memory consumption went from 112.0 MB to 112.0 MB.
Total: 5.464000 ms (FindLiveObjects: 0.437300 ms CreateObjectMapping: 0.323000 ms MarkObjects: 4.631500 ms  DeleteObjects: 0.071100 ms)

AssetImportParameters requested are different than current active one (requested -> active):
  custom:video-decoder-ogg-theora: a1e56fd34408186e4bbccfd4996cb3dc -> 
  custom:container-muxer-webm: aa71ff27fc2769a1b78a27578f13a17b -> 
  custom:container-demuxer-webm: 4f35f7cbe854078d1ac9338744f61a02 -> 
  custom:video-encoder-webm-vp8: eb34c28f22e8b96e1ab97ce403110664 -> 
  custom:audio-encoder-webm-vorbis: bf7c407c2cedff20999df2af8eb42d56 -> 
  custom:framework-win-MediaFoundation: 216162199b28c13a410421893ffa2e32 -> 
  custom:container-demuxer-ogg: 62fdf1f143b41e24485cea50d1cbac27 -> 
  custom:video-decoder-webm-vp8: 9c59270c3fd7afecdb556c50c9e8de78 -> 
  custom:audio-decoder-ogg-vorbis: bf7c407c2cedff20999df2af8eb42d56 -> 
========================================================================
Received Import Request.
  Time since last request: 18709.532710 seconds.
  path: Assets/New Folder
  artifactKey: Guid(598869e7de79bb44080023a8e0cc6a46) Importer(815301076,1909f56bfc062723c751e8b465ee728b)
Start importing Assets/New Folder using Guid(598869e7de79bb44080023a8e0cc6a46) Importer(815301076,1909f56bfc062723c751e8b465ee728b)  -> (artifact id: 'bcf86a9c5fe78eba40f73fb527f6e955') in 0.007820 seconds 
========================================================================
Received Prepare
Registering precompiled user dll's ...
Registered in 0.007453 seconds.
Begin MonoManager ReloadAssembly
Symbol file LoadedFromMemory doesn't match image D:\3D Staff\Test_Task\AzurGame\Unity_Project\Azur_TestTask\Library\PackageCache\com.unity.visualscripting@1.8.0\Editor\VisualScripting.Core\Dependencies\YamlDotNet\Unity.VisualScripting.YamlDotNet.dll
Symbol file LoadedFromMemory doesn't match image D:\3D Staff\Test_Task\AzurGame\Unity_Project\Azur_TestTask\Library\PackageCache\com.unity.visualscripting@1.8.0\Editor\VisualScripting.Core\Dependencies\DotNetZip\Unity.VisualScripting.IonicZip.dll
Native extension for WindowsStandalone target not found
Native extension for Android target not found
Refreshing native plugins compatible for Editor in 0.63 ms, found 3 plugins.
Preloading 0 native plugins for Editor in 0.00 ms.
Mono: successfully reloaded assembly
- Completed reload, in  1.813 seconds
Domain Reload Profiling:
	ReloadAssembly (1814ms)
		BeginReloadAssembly (275ms)
			ExecutionOrderSort (0ms)
			DisableScriptedObjects (11ms)
			BackupInstance (0ms)
			ReleaseScriptingObjects (0ms)
			CreateAndSetChildDomain (82ms)
		EndReloadAssembly (1364ms)
			LoadAssemblies (174ms)
			RebuildTransferFunctionScriptingTraits (0ms)
			SetupTypeCache (487ms)
			ReleaseScriptCaches (2ms)
			RebuildScriptCaches (61ms)
			SetupLoadedEditorAssemblies (589ms)
				LogAssemblyErrors (0ms)
				InitializePlatformSupportModulesInManaged (31ms)
				SetLoadedEditorAssemblies (1ms)
				RefreshPlugins (1ms)
				BeforeProcessingInitializeOnLoad (120ms)
				ProcessInitializeOnLoadAttributes (387ms)
				ProcessInitializeOnLoadMethodAttributes (42ms)
				AfterProcessingInitializeOnLoad (7ms)
				EditorAssembliesLoaded (0ms)
			ExecutionOrderSort2 (0ms)
			AwakeInstancesAfterBackupRestoration (20ms)
Platform modules already initialized, skipping
Refreshing native plugins compatible for Editor in 3.58 ms, found 3 plugins.
Preloading 0 native plugins for Editor in 0.00 ms.
Unloading 3048 Unused Serialized files (Serialized files now loaded: 0)
Unloading 18 unused Assets / (0.7 MB). Loaded Objects now: 3521.
Memory consumption went from 113.0 MB to 112.3 MB.
Total: 7.371000 ms (FindLiveObjects: 0.504500 ms CreateObjectMapping: 0.357100 ms MarkObjects: 5.855000 ms  DeleteObjects: 0.652400 ms)

AssetImportParameters requested are different than current active one (requested -> active):
  custom:video-decoder-ogg-theora: a1e56fd34408186e4bbccfd4996cb3dc -> 
  custom:container-muxer-webm: aa71ff27fc2769a1b78a27578f13a17b -> 
  custom:container-demuxer-webm: 4f35f7cbe854078d1ac9338744f61a02 -> 
  custom:video-encoder-webm-vp8: eb34c28f22e8b96e1ab97ce403110664 -> 
  custom:audio-encoder-webm-vorbis: bf7c407c2cedff20999df2af8eb42d56 -> 
  custom:framework-win-MediaFoundation: 216162199b28c13a410421893ffa2e32 -> 
  custom:container-demuxer-ogg: 62fdf1f143b41e24485cea50d1cbac27 -> 
  custom:video-decoder-webm-vp8: 9c59270c3fd7afecdb556c50c9e8de78 -> 
  custom:audio-decoder-ogg-vorbis: bf7c407c2cedff20999df2af8eb42d56 -> 
========================================================================
Received Import Request.
  Time since last request: 502.707946 seconds.
  path: Assets/TestScene/Mesh/tori_gate.fbx
  artifactKey: Guid(a8ab7e40545e70b4e8cae142cffd5a6d) Importer(815301076,1909f56bfc062723c751e8b465ee728b)
Start importing Assets/TestScene/Mesh/tori_gate.fbx using Guid(a8ab7e40545e70b4e8cae142cffd5a6d) Importer(815301076,1909f56bfc062723c751e8b465ee728b)  -> (artifact id: 'cc3b76d418f41ac0696c8bf248d44938') in 1.232339 seconds 
========================================================================
Received Import Request.
  Time since last request: 2.128668 seconds.
  path: Assets/TestScene/Materials/M_Fresnel_Yellow.mat
  artifactKey: Guid(9809414719b87a641b122e173b8ec475) Importer(815301076,1909f56bfc062723c751e8b465ee728b)
Start importing Assets/TestScene/Materials/M_Fresnel_Yellow.mat using Guid(9809414719b87a641b122e173b8ec475) Importer(815301076,1909f56bfc062723c751e8b465ee728b)  -> (artifact id: 'a9ff7fdfaa1de6c022dffd23bd4a2fe3') in 0.167362 seconds 
========================================================================
Received Import Request.
  Time since last request: 0.000032 seconds.
  path: Assets/TestScene/Materials/mat_back 6.mat
  artifactKey: Guid(e57e0f057c7211346bafd282148dab42) Importer(815301076,1909f56bfc062723c751e8b465ee728b)
Start importing Assets/TestScene/Materials/mat_back 6.mat using Guid(e57e0f057c7211346bafd282148dab42) Importer(815301076,1909f56bfc062723c751e8b465ee728b)  -> (artifact id: '5953b02de678bcddb1a2e15a1275ddfc') in 0.159198 seconds 
========================================================================
Received Import Request.
  Time since last request: 0.000070 seconds.
  path: Assets/TestScene/Materials/mat_back 8.mat
  artifactKey: Guid(f10f91465fb55644f993b4f2c4a07009) Importer(815301076,1909f56bfc062723c751e8b465ee728b)
Start importing Assets/TestScene/Materials/mat_back 8.mat using Guid(f10f91465fb55644f993b4f2c4a07009) Importer(815301076,1909f56bfc062723c751e8b465ee728b)  -> (artifact id: '98df4cb09ffa0afbb175b58f794dd470') in 0.030560 seconds 
========================================================================
Received Import Request.
  Time since last request: 0.000030 seconds.
  path: Assets/TestScene/Materials/mat_back 1.mat
  artifactKey: Guid(cd48be26182ae0245bdebfc97fef2c42) Importer(815301076,1909f56bfc062723c751e8b465ee728b)
Start importing Assets/TestScene/Materials/mat_back 1.mat using Guid(cd48be26182ae0245bdebfc97fef2c42) Importer(815301076,1909f56bfc062723c751e8b465ee728b)  -> (artifact id: '3e84eead5c1e87924ea20cd02882c154') in 0.018552 seconds 
========================================================================
Received Import Request.
  Time since last request: 0.000027 seconds.
  path: Assets/TestScene/Materials/mat_back 2.mat
  artifactKey: Guid(1b2b02f934b2e314c899ec5f1ab4d31e) Importer(815301076,1909f56bfc062723c751e8b465ee728b)
Start importing Assets/TestScene/Materials/mat_back 2.mat using Guid(1b2b02f934b2e314c899ec5f1ab4d31e) Importer(815301076,1909f56bfc062723c751e8b465ee728b)  -> (artifact id: '019f56efc397d96187c628be16d0180a') in 0.016876 seconds 
========================================================================
Received Import Request.
  Time since last request: 0.000029 seconds.
  path: Assets/TestScene/Materials/mat_back 4.mat
  artifactKey: Guid(32b445076eeb21c41be4e754bc6eedd0) Importer(815301076,1909f56bfc062723c751e8b465ee728b)
Start importing Assets/TestScene/Materials/mat_back 4.mat using Guid(32b445076eeb21c41be4e754bc6eedd0) Importer(815301076,1909f56bfc062723c751e8b465ee728b)  -> (artifact id: 'a2a7ab864bce905b9b09770a7eea2064') in 0.019155 seconds 
========================================================================
Received Import Request.
  Time since last request: 0.000028 seconds.
  path: Assets/TestScene/Materials/mat_back 9.mat
  artifactKey: Guid(6b03b2628be061140802aa56a8bf7868) Importer(815301076,1909f56bfc062723c751e8b465ee728b)
Start importing Assets/TestScene/Materials/mat_back 9.mat using Guid(6b03b2628be061140802aa56a8bf7868) Importer(815301076,1909f56bfc062723c751e8b465ee728b)  -> (artifact id: 'c44d45f9a0c660bf88fe5aab94431820') in 0.019475 seconds 
========================================================================
Received Import Request.
  Time since last request: 0.000020 seconds.
  path: Assets/TestScene/Materials/mat_back 7.mat
  artifactKey: Guid(6b8f57d875b04c24eb26e5137cc53a71) Importer(815301076,1909f56bfc062723c751e8b465ee728b)
Start importing Assets/TestScene/Materials/mat_back 7.mat using Guid(6b8f57d875b04c24eb26e5137cc53a71) Importer(815301076,1909f56bfc062723c751e8b465ee728b)  -> (artifact id: '57dde81e3dc3c7082c0df5da8909e85a') in 0.038562 seconds 
