Using pre-set license
Built from '2021.3/release' branch; Version is '2021.3.27f1 (ca3ffb99bcc6) revision 13254651'; Using compiler version '192829333'; Build Type 'Release'
OS: 'Windows 10  (10.0.19045) 64bit Professional' Language: 'ru' Physical Memory: 16327 MB
BatchMode: 1, IsHumanControllingUs: 0, StartBugReporterOnCrash: 0, Is64bit: 1, IsPro: 1

COMMAND LINE ARGUMENTS:
D:\3D Program\Unity\Editor\2021.3.27f1\Editor\Unity.exe
-adb2
-batchMode
-noUpm
-name
AssetImportWorker0
-projectPath
D:/3D Staff/Test_Task/AzurGame/Unity_Project/Azur_TestTask
-logFile
Logs/AssetImportWorker0.log
-srvPort
51514
Successfully changed project path to: D:/3D Staff/Test_Task/AzurGame/Unity_Project/Azur_TestTask
D:/3D Staff/Test_Task/AzurGame/Unity_Project/Azur_TestTask
[UnityMemory] Configuration Parameters - Can be set up in boot.config
    "memorysetup-bucket-allocator-granularity=16"
    "memorysetup-bucket-allocator-bucket-count=8"
    "memorysetup-bucket-allocator-block-size=33554432"
    "memorysetup-bucket-allocator-block-count=8"
    "memorysetup-main-allocator-block-size=16777216"
    "memorysetup-thread-allocator-block-size=16777216"
    "memorysetup-gfx-main-allocator-block-size=16777216"
    "memorysetup-gfx-thread-allocator-block-size=16777216"
    "memorysetup-cache-allocator-block-size=4194304"
    "memorysetup-typetree-allocator-block-size=2097152"
    "memorysetup-profiler-bucket-allocator-granularity=16"
    "memorysetup-profiler-bucket-allocator-bucket-count=8"
    "memorysetup-profiler-bucket-allocator-block-size=33554432"
    "memorysetup-profiler-bucket-allocator-block-count=8"
    "memorysetup-profiler-allocator-block-size=16777216"
    "memorysetup-profiler-editor-allocator-block-size=1048576"
    "memorysetup-temp-allocator-size-main=16777216"
    "memorysetup-job-temp-allocator-block-size=2097152"
    "memorysetup-job-temp-allocator-block-size-background=1048576"
    "memorysetup-job-temp-allocator-reduction-small-platforms=262144"
    "memorysetup-temp-allocator-size-background-worker=32768"
    "memorysetup-temp-allocator-size-job-worker=262144"
    "memorysetup-temp-allocator-size-preload-manager=33554432"
    "memorysetup-temp-allocator-size-nav-mesh-worker=65536"
    "memorysetup-temp-allocator-size-audio-worker=65536"
    "memorysetup-temp-allocator-size-cloud-worker=32768"
    "memorysetup-temp-allocator-size-gi-baking-worker=262144"
    "memorysetup-temp-allocator-size-gfx=262144"
Player connection [2232] Host "[IP] 192.168.10.103 [Port] 0 [Flags] 2 [Guid] 2089231865 [EditorId] 2089231865 [Version] 1048832 [Id] WindowsEditor(7,DESKTOP-0R76SS3) [Debug] 1 [PackageName] WindowsEditor [ProjectName] Editor" joined multi-casting on [225.0.0.222:54997]...

Player connection [2232] Host "[IP] 192.168.10.103 [Port] 0 [Flags] 2 [Guid] 2089231865 [EditorId] 2089231865 [Version] 1048832 [Id] WindowsEditor(7,DESKTOP-0R76SS3) [Debug] 1 [PackageName] WindowsEditor [ProjectName] Editor" joined alternative multi-casting on [225.0.0.222:34997]...

Refreshing native plugins compatible for Editor in 160.49 ms, found 3 plugins.
Preloading 0 native plugins for Editor in 0.00 ms.
Initialize engine version: 2021.3.27f1 (ca3ffb99bcc6)
[Subsystems] Discovering subsystems at path D:/3D Program/Unity/Editor/2021.3.27f1/Editor/Data/Resources/UnitySubsystems
[Subsystems] Discovering subsystems at path D:/3D Staff/Test_Task/AzurGame/Unity_Project/Azur_TestTask/Assets
GfxDevice: creating device client; threaded=0; jobified=0
Direct3D:
    Version:  Direct3D 11.0 [level 11.1]
    Renderer: NVIDIA GeForce GTX 1060 6GB (ID=0x1c03)
    Vendor:   NVIDIA
    VRAM:     6043 MB
    Driver:   31.0.15.3699
Initialize mono
Mono path[0] = 'D:/3D Program/Unity/Editor/2021.3.27f1/Editor/Data/Managed'
Mono path[1] = 'D:/3D Program/Unity/Editor/2021.3.27f1/Editor/Data/MonoBleedingEdge/lib/mono/unityjit-win32'
Mono config path = 'D:/3D Program/Unity/Editor/2021.3.27f1/Editor/Data/MonoBleedingEdge/etc'
Using monoOptions --debugger-agent=transport=dt_socket,embedding=1,server=y,suspend=n,address=127.0.0.1:56344
Begin MonoManager ReloadAssembly
Registering precompiled unity dll's ...
Register platform support module: D:/3D Program/Unity/Editor/2021.3.27f1/Editor/Data/PlaybackEngines/AndroidPlayer/UnityEditor.Android.Extensions.dll
Register platform support module: D:/3D Program/Unity/Editor/2021.3.27f1/Editor/Data/PlaybackEngines/WindowsStandaloneSupport/UnityEditor.WindowsStandalone.Extensions.dll
Registered in 0.005726 seconds.
Native extension for WindowsStandalone target not found
Native extension for Android target not found
Android Extension - Scanning For ADB Devices 450 ms
Refreshing native plugins compatible for Editor in 112.76 ms, found 3 plugins.
Preloading 0 native plugins for Editor in 0.00 ms.
Mono: successfully reloaded assembly
- Completed reload, in  1.528 seconds
Domain Reload Profiling:
	ReloadAssembly (1528ms)
		BeginReloadAssembly (134ms)
			ExecutionOrderSort (0ms)
			DisableScriptedObjects (0ms)
			BackupInstance (0ms)
			ReleaseScriptingObjects (0ms)
			CreateAndSetChildDomain (1ms)
		EndReloadAssembly (1242ms)
			LoadAssemblies (133ms)
			RebuildTransferFunctionScriptingTraits (0ms)
			SetupTypeCache (183ms)
			ReleaseScriptCaches (0ms)
			RebuildScriptCaches (47ms)
			SetupLoadedEditorAssemblies (932ms)
				LogAssemblyErrors (0ms)
				InitializePlatformSupportModulesInManaged (585ms)
				SetLoadedEditorAssemblies (0ms)
				RefreshPlugins (113ms)
				BeforeProcessingInitializeOnLoad (2ms)
				ProcessInitializeOnLoadAttributes (157ms)
				ProcessInitializeOnLoadMethodAttributes (75ms)
				AfterProcessingInitializeOnLoad (0ms)
				EditorAssembliesLoaded (0ms)
			ExecutionOrderSort2 (0ms)
			AwakeInstancesAfterBackupRestoration (0ms)
Platform modules already initialized, skipping
Registering precompiled user dll's ...
Registered in 0.005568 seconds.
Begin MonoManager ReloadAssembly
Symbol file LoadedFromMemory doesn't match image D:\3D Staff\Test_Task\AzurGame\Unity_Project\Azur_TestTask\Library\PackageCache\com.unity.visualscripting@1.8.0\Editor\VisualScripting.Core\Dependencies\YamlDotNet\Unity.VisualScripting.YamlDotNet.dll
Symbol file LoadedFromMemory doesn't match image D:\3D Staff\Test_Task\AzurGame\Unity_Project\Azur_TestTask\Library\PackageCache\com.unity.visualscripting@1.8.0\Editor\VisualScripting.Core\Dependencies\DotNetZip\Unity.VisualScripting.IonicZip.dll
Native extension for WindowsStandalone target not found
Native extension for Android target not found
Refreshing native plugins compatible for Editor in 0.61 ms, found 3 plugins.
Preloading 0 native plugins for Editor in 0.00 ms.
Mono: successfully reloaded assembly
- Completed reload, in  1.722 seconds
Domain Reload Profiling:
	ReloadAssembly (1723ms)
		BeginReloadAssembly (181ms)
			ExecutionOrderSort (0ms)
			DisableScriptedObjects (9ms)
			BackupInstance (0ms)
			ReleaseScriptingObjects (0ms)
			CreateAndSetChildDomain (27ms)
		EndReloadAssembly (1368ms)
			LoadAssemblies (166ms)
			RebuildTransferFunctionScriptingTraits (0ms)
			SetupTypeCache (526ms)
			ReleaseScriptCaches (1ms)
			RebuildScriptCaches (118ms)
			SetupLoadedEditorAssemblies (506ms)
				LogAssemblyErrors (0ms)
				InitializePlatformSupportModulesInManaged (27ms)
				SetLoadedEditorAssemblies (1ms)
				RefreshPlugins (1ms)
				BeforeProcessingInitializeOnLoad (104ms)
				ProcessInitializeOnLoadAttributes (334ms)
				ProcessInitializeOnLoadMethodAttributes (34ms)
				AfterProcessingInitializeOnLoad (6ms)
				EditorAssembliesLoaded (0ms)
			ExecutionOrderSort2 (0ms)
			AwakeInstancesAfterBackupRestoration (14ms)
Platform modules already initialized, skipping
========================================================================
Worker process is ready to serve import requests
Launched and connected shader compiler UnityShaderCompiler.exe after 0.09 seconds
Refreshing native plugins compatible for Editor in 1.36 ms, found 3 plugins.
Preloading 0 native plugins for Editor in 0.00 ms.
Unloading 3052 Unused Serialized files (Serialized files now loaded: 0)
Unloading 22 unused Assets / (46.3 KB). Loaded Objects now: 3517.
Memory consumption went from 112.0 MB to 112.0 MB.
Total: 5.460800 ms (FindLiveObjects: 0.302200 ms CreateObjectMapping: 0.291100 ms MarkObjects: 4.771400 ms  DeleteObjects: 0.094500 ms)

AssetImportParameters requested are different than current active one (requested -> active):
  custom:video-decoder-ogg-theora: a1e56fd34408186e4bbccfd4996cb3dc -> 
  custom:container-muxer-webm: aa71ff27fc2769a1b78a27578f13a17b -> 
  custom:container-demuxer-webm: 4f35f7cbe854078d1ac9338744f61a02 -> 
  custom:video-encoder-webm-vp8: eb34c28f22e8b96e1ab97ce403110664 -> 
  custom:audio-encoder-webm-vorbis: bf7c407c2cedff20999df2af8eb42d56 -> 
  custom:framework-win-MediaFoundation: 216162199b28c13a410421893ffa2e32 -> 
  custom:container-demuxer-ogg: 62fdf1f143b41e24485cea50d1cbac27 -> 
  custom:video-decoder-webm-vp8: 9c59270c3fd7afecdb556c50c9e8de78 -> 
  custom:audio-decoder-ogg-vorbis: bf7c407c2cedff20999df2af8eb42d56 -> 
========================================================================
Received Import Request.
  Time since last request: 19144.490093 seconds.
  path: Assets/Scenes
  artifactKey: Guid(2d88a56eae3d3e84b80bc57a00964b30) Importer(815301076,1909f56bfc062723c751e8b465ee728b)
Start importing Assets/Scenes using Guid(2d88a56eae3d3e84b80bc57a00964b30) Importer(815301076,1909f56bfc062723c751e8b465ee728b)  -> (artifact id: '4b0425c6046ad363baab772362b7082d') in 0.015273 seconds 
========================================================================
Received Import Request.
  Time since last request: 0.594247 seconds.
  path: Assets/Scenes/SampleScene.unity
  artifactKey: Guid(9fc0d4010bbf28b4594072e72b8655ab) Importer(815301076,1909f56bfc062723c751e8b465ee728b)
Start importing Assets/Scenes/SampleScene.unity using Guid(9fc0d4010bbf28b4594072e72b8655ab) Importer(815301076,1909f56bfc062723c751e8b465ee728b)  -> (artifact id: 'e55ccaa32d8e5c1de03c07a5412c8c3c') in 0.027455 seconds 
========================================================================
Received Import Request.
  Time since last request: 3.518664 seconds.
  path: Assets/TestScene
  artifactKey: Guid(19a631d0038bde04fbaab014f50585b2) Importer(815301076,1909f56bfc062723c751e8b465ee728b)
Start importing Assets/TestScene using Guid(19a631d0038bde04fbaab014f50585b2) Importer(815301076,1909f56bfc062723c751e8b465ee728b)  -> (artifact id: 'db026c87b84ae25e7e36ab0ae4854b2c') in 0.001630 seconds 
========================================================================
Received Import Request.
  Time since last request: 1.052329 seconds.
  path: Assets/TestScene/TestScene.unity
  artifactKey: Guid(10473c62b97d24b4692a3c5b97759387) Importer(815301076,1909f56bfc062723c751e8b465ee728b)
Start importing Assets/TestScene/TestScene.unity using Guid(10473c62b97d24b4692a3c5b97759387) Importer(815301076,1909f56bfc062723c751e8b465ee728b)  -> (artifact id: '54ebff727c5a56917b1e21b3ced8161a') in 0.001924 seconds 
========================================================================
Received Prepare
Registering precompiled user dll's ...
Registered in 0.006944 seconds.
Begin MonoManager ReloadAssembly
Symbol file LoadedFromMemory doesn't match image D:\3D Staff\Test_Task\AzurGame\Unity_Project\Azur_TestTask\Library\PackageCache\com.unity.visualscripting@1.8.0\Editor\VisualScripting.Core\Dependencies\YamlDotNet\Unity.VisualScripting.YamlDotNet.dll
Symbol file LoadedFromMemory doesn't match image D:\3D Staff\Test_Task\AzurGame\Unity_Project\Azur_TestTask\Library\PackageCache\com.unity.visualscripting@1.8.0\Editor\VisualScripting.Core\Dependencies\DotNetZip\Unity.VisualScripting.IonicZip.dll
Native extension for WindowsStandalone target not found
Native extension for Android target not found
Refreshing native plugins compatible for Editor in 0.75 ms, found 3 plugins.
Preloading 0 native plugins for Editor in 0.00 ms.
Mono: successfully reloaded assembly
- Completed reload, in  1.834 seconds
Domain Reload Profiling:
	ReloadAssembly (1835ms)
		BeginReloadAssembly (275ms)
			ExecutionOrderSort (0ms)
			DisableScriptedObjects (12ms)
			BackupInstance (0ms)
			ReleaseScriptingObjects (0ms)
			CreateAndSetChildDomain (82ms)
		EndReloadAssembly (1395ms)
			LoadAssemblies (178ms)
			RebuildTransferFunctionScriptingTraits (0ms)
			SetupTypeCache (500ms)
			ReleaseScriptCaches (2ms)
			RebuildScriptCaches (63ms)
			SetupLoadedEditorAssemblies (606ms)
				LogAssemblyErrors (0ms)
				InitializePlatformSupportModulesInManaged (37ms)
				SetLoadedEditorAssemblies (1ms)
				RefreshPlugins (1ms)
				BeforeProcessingInitializeOnLoad (114ms)
				ProcessInitializeOnLoadAttributes (397ms)
				ProcessInitializeOnLoadMethodAttributes (48ms)
				AfterProcessingInitializeOnLoad (8ms)
				EditorAssembliesLoaded (0ms)
			ExecutionOrderSort2 (0ms)
			AwakeInstancesAfterBackupRestoration (17ms)
Platform modules already initialized, skipping
Refreshing native plugins compatible for Editor in 3.48 ms, found 3 plugins.
Preloading 0 native plugins for Editor in 0.00 ms.
Unloading 3048 Unused Serialized files (Serialized files now loaded: 0)
Unloading 18 unused Assets / (0.7 MB). Loaded Objects now: 3521.
Memory consumption went from 113.0 MB to 112.3 MB.
Total: 8.708200 ms (FindLiveObjects: 0.502700 ms CreateObjectMapping: 0.335000 ms MarkObjects: 6.607300 ms  DeleteObjects: 1.261000 ms)

AssetImportParameters requested are different than current active one (requested -> active):
  custom:video-decoder-ogg-theora: a1e56fd34408186e4bbccfd4996cb3dc -> 
  custom:container-muxer-webm: aa71ff27fc2769a1b78a27578f13a17b -> 
  custom:container-demuxer-webm: 4f35f7cbe854078d1ac9338744f61a02 -> 
  custom:video-encoder-webm-vp8: eb34c28f22e8b96e1ab97ce403110664 -> 
  custom:audio-encoder-webm-vorbis: bf7c407c2cedff20999df2af8eb42d56 -> 
  custom:framework-win-MediaFoundation: 216162199b28c13a410421893ffa2e32 -> 
  custom:container-demuxer-ogg: 62fdf1f143b41e24485cea50d1cbac27 -> 
  custom:video-decoder-webm-vp8: 9c59270c3fd7afecdb556c50c9e8de78 -> 
  custom:audio-decoder-ogg-vorbis: bf7c407c2cedff20999df2af8eb42d56 -> 
========================================================================
Received Import Request.
  Time since last request: 62.481950 seconds.
  path: Assets/TestScene/Mesh
  artifactKey: Guid(71cce84882e200b4994122843b2691ab) Importer(815301076,1909f56bfc062723c751e8b465ee728b)
Start importing Assets/TestScene/Mesh using Guid(71cce84882e200b4994122843b2691ab) Importer(815301076,1909f56bfc062723c751e8b465ee728b)  -> (artifact id: '6d8e1ef6170b157bedc26f02e5fbe5bb') in 0.036156 seconds 
========================================================================
Received Import Request.
  Time since last request: 0.000025 seconds.
  path: Assets/TestScene/Mesh/Grounds.asset
  artifactKey: Guid(e67e7473c10fd7d4abb8cf910e0ed6ff) Importer(815301076,1909f56bfc062723c751e8b465ee728b)
Start importing Assets/TestScene/Mesh/Grounds.asset using Guid(e67e7473c10fd7d4abb8cf910e0ed6ff) Importer(815301076,1909f56bfc062723c751e8b465ee728b)  -> (artifact id: 'a4d40f37515883135fa67e8a4d3c031d') in 0.617115 seconds 
========================================================================
Received Import Request.
  Time since last request: 2.685326 seconds.
  path: Assets/TestScene/Materials
  artifactKey: Guid(8f1b0066e286d654285afe3964947d23) Importer(815301076,1909f56bfc062723c751e8b465ee728b)
Start importing Assets/TestScene/Materials using Guid(8f1b0066e286d654285afe3964947d23) Importer(815301076,1909f56bfc062723c751e8b465ee728b)  -> (artifact id: 'dca2cec2723758f7b9f203b26fe389bc') in 0.025511 seconds 
========================================================================
Received Import Request.
  Time since last request: 0.027712 seconds.
  path: Assets/TestScene/Materials/M_Floor_Tiles.mat
  artifactKey: Guid(ad21f4637cd7c6b4db6d7d5477f088c8) Importer(815301076,1909f56bfc062723c751e8b465ee728b)
Start importing Assets/TestScene/Materials/M_Floor_Tiles.mat using Guid(ad21f4637cd7c6b4db6d7d5477f088c8) Importer(815301076,1909f56bfc062723c751e8b465ee728b)  -> (artifact id: '155a0f060973c8773797386b69bbd805') in 0.264857 seconds 
========================================================================
Received Import Request.
  Time since last request: 0.000029 seconds.
  path: Assets/TestScene/Materials/M_Skybox_Gradient_2C_Blue.mat
  artifactKey: Guid(4e85a34aed91f1841ba5505b1a0bda0f) Importer(815301076,1909f56bfc062723c751e8b465ee728b)
Start importing Assets/TestScene/Materials/M_Skybox_Gradient_2C_Blue.mat using Guid(4e85a34aed91f1841ba5505b1a0bda0f) Importer(815301076,1909f56bfc062723c751e8b465ee728b)  -> (artifact id: 'de7fef43aad5932276f3d7784a21e317') in 0.069190 seconds 
========================================================================
Received Import Request.
  Time since last request: 0.000033 seconds.
  path: Assets/TestScene/Materials/mat_back 5.mat
  artifactKey: Guid(e19975993ebf4ab409a5ae398fb4e71e) Importer(815301076,1909f56bfc062723c751e8b465ee728b)
Start importing Assets/TestScene/Materials/mat_back 5.mat using Guid(e19975993ebf4ab409a5ae398fb4e71e) Importer(815301076,1909f56bfc062723c751e8b465ee728b)  -> (artifact id: '9ca4b63efdae8b816f3c685fab9b5dc1') in 0.096393 seconds 
========================================================================
Received Import Request.
  Time since last request: 0.000022 seconds.
  path: Assets/TestScene/Materials/mat_back 3.mat
  artifactKey: Guid(a78368ec3e03ec9489341c622ef5f737) Importer(815301076,1909f56bfc062723c751e8b465ee728b)
Start importing Assets/TestScene/Materials/mat_back 3.mat using Guid(a78368ec3e03ec9489341c622ef5f737) Importer(815301076,1909f56bfc062723c751e8b465ee728b)  -> (artifact id: 'a406c432bf91dc0ab77db5a254d2853b') in 2.158403 seconds 
